<?xml version="1.0" encoding="UTF-8"?>
<!-- Generated by org.testng.reporters.JUnitReportReporter -->
<testsuite skipped="0" hostname="DESKTOP-FU8I58H" name="com.Test.automationpractice_Test" tests="1" failures="0" timestamp="2021-01-05T22:52:19 PST" time="17.430" errors="0">
  <testcase name="test" time="17.430" classname="com.Test.automationpractice_Test"/>
  <system-out/>
</testsuite> <!-- com.Test.automationpractice_Test -->
