<?xml version="1.0" encoding="UTF-8"?>
<!-- Generated by org.testng.reporters.JUnitReportReporter -->
<testsuite skipped="0" hostname="DESKTOP-FU8I58H" name="com.Test.TestAnnotation" tests="4" failures="0" timestamp="2021-01-05T22:52:19 PST" time="0.005" errors="0">
  <testcase name="test03" time="0.001" classname="com.Test.TestAnnotation"/>
  <system-out/>
  <testcase name="test02" time="0.002" classname="com.Test.TestAnnotation"/>
  <system-out/>
  <testcase name="test04" time="0.000" classname="com.Test.TestAnnotation"/>
  <system-out/>
  <testcase name="test01" time="0.002" classname="com.Test.TestAnnotation"/>
  <system-out/>
</testsuite> <!-- com.Test.TestAnnotation -->
