<?xml version="1.0" encoding="UTF-8"?>
<!-- Generated by org.testng.reporters.JUnitReportReporter -->
<testsuite skipped="0" hostname="DESKTOP-FU8I58H" name="com.Test.googleTest" tests="1" failures="0" timestamp="2021-01-05T22:52:19 PST" time="7.245" errors="0">
  <testcase name="test" time="7.245" classname="com.Test.googleTest"/>
  <system-out/>
</testsuite> <!-- com.Test.googleTest -->
